[
  {
    "Plan": {
      "Node Type": "Limit",
      "Parallel Aware": false,
      "Async Capable": false,
      "Startup Cost": 11248.89,
      "Total Cost": 12033.26,
      "Plan Rows": 10,
      "Plan Width": 16,
      "Plans": [
        {
          "Node Type": "Incremental Sort",
          "Parent Relationship": "Outer",
          "Parallel Aware": false,
          "Async Capable": false,
          "Startup Cost": 8111.44,
          "Total Cost": 107343903.06,
          "Plan Rows": 1368444,
          "Plan Width": 16,
          "Sort Key": [
            "((text.embedding384 <=> '[-0.16105026,-0.011110252,0.1947436,0.14129455,0.2676087,0.039145265,0.05193451,0.0029656575,0.060585793,0.020587623,-0.076201685,0.0017512157,-0.031059692,0.033284966,0.04912715,0.100310415,-0.0006369666,0.16175403,-0.9095277,-0.04850187,0.42652246,-0.03379426,-0.11375756,-0.083311446,-0.078006394,0.01640114,0.017867824,0.0029476485,-0.9301433,-0.8317728,0.05054181,0.10063591,-0.11440923,0.006849636,0.059330698,-0.0007061632,0.009704715,-0.12621386,0.021004004,0.049915906,-0.07231668,-0.06852951,-0.01222711,-0.010848192,-0.04331233,0.121337324,0.054895803,0.02028087,-0.15242462,-0.06752902,0.014475339,0.06611118,-0.0719716,0.062184524,-0.06828767,-0.24181245,-0.06847989,-0.2739876,-0.0040436937,-0.057063892,0.10189158,0.01831203,-0.9245225,1.0495437,0.07090707,-0.08689094,0.018457685,0.1710564,0.16296518,0.3354593,-0.062340282,0.11821921,-0.08970365,-0.1346309,0.032980323,-0.011972044,0.02560706,-0.017996356,-0.010668531,0.031073725,0.12480567,-0.098801516,-0.02603951,-0.12004053,-0.0025171281,-0.04889068,0.0049120374,-0.006863673,0.041724224,0.039505325,-0.086260945,-0.22317417,0.21128197,-0.003554733,0.3090521,0.17277156,0.06103918,-0.041557357,0.057673655,-0.68608147,0.025259737,-0.016479766,-0.0982467,0.06767811,-0.049152102,-0.04651481,-0.048623286,-0.019410327,0.002680862,0.1103613,0.08692502,0.015454322,-0.16927484,-0.120773,0.06430499,-0.09492118,0.12451404,0.08492595,-0.100824356,0.1746292,-0.13615252,-0.13774191,0.092838965,0.0542625,0.03814012,0.036631383,-0.04886918,0.62266254,0.13000426,-0.30588675,0.123898566,-0.1477941,-0.23342304,0.09063517,-0.056871407,-0.04120115,0.0021792233,0.1740882,0.04291343,0.16966702,0.13484505,0.077584095,-0.18836823,-0.45211434,0.0347756,0.36202794,0.06650682,0.051552385,0.0013721137,0.00031045647,0.10654403,0.054672204,0.14160946,-0.08987166,0.0748189,0.040401865,-0.27052695,1.0208781,0.028839717,-0.045075085,-0.10946584,-0.067821085,0.044646163,1.1681162,-0.096530885,-0.54437524,-0.065288916,0.18228516,0.012771312,-0.02148411,0.048255287,-0.026169129,0.14241345,-0.13665085,0.1898909,0.0012267838,-0.55506533,-0.048107475,-0.022171058,0.07446148,0.20225373,-0.12653244,0.14356437,-0.060236458,0.08624691,-0.012052607,-0.07766598,0.013437393,-0.2074709,0.07344315,-0.2832104,0.19866054,0.20653495,0.04518813,0.009827184,-0.02729709,0.0033667646,0.059438728,0.040473957,0.09638888,0.010563243,-0.045865238,-0.005542443,-0.06735154,-0.13783216,-0.16179094,0.29539922,0.08243168,-0.064889885,-0.1095727,0.034850337,-0.03865223,0.034110144,0.04545148,-0.10059105,-0.014058535,-0.053400047,0.1864193,0.2076958,-0.030878393,0.032200698,-0.31709084,-0.08648308,-1.6955341,-0.1958955,0.0683915,-0.080929525,0.25091147,-0.08950712,0.111964114,-0.19079916,-0.06625767,0.29743034,0.54745334,-0.01487513,0.089354016,0.3171733,-0.005388643,-0.18805224,-0.09676861,0.122976474,-0.014225331,-0.04426676,-0.029148366,0.06663839,-0.33948532,-0.009126116,-0.13428935,0.025182545,1.2459327,-0.33265036,-0.17234929,0.1260893,0.029600225,0.06478646,0.05424913,-0.44672388,-0.024205245,0.066707805,0.033233456,0.18494143,-0.14496599,-0.117242254,-0.05440264,0.034527864,0.03524988,0.2417769,-0.046738215,0.017132444,0.042689137,-0.09231966,-0.012533757,-0.11046484,-0.048352752,0.20437892,-0.016757036,-0.0441901,0.09401426,0.037218977,-0.101901926,-0.05301471,0.098943785,0.10449608,0.025575241,0.169633,-0.013977698,0.1326308,0.091271505,-0.19112651,-0.04420216,0.020910926,0.09477987,0.20196603,-0.008781368,0.57309896,0.02951836,0.17838581,0.22676226,-0.07566428,-0.13287619,-0.22325493,-0.07048815,0.028480658,-0.0026588559,-0.29212078,-0.027390838,0.13997604,-0.047444694,-0.05231478,-0.03989628,-0.06168067,-0.41365778,-0.028954068,-0.085107006,-0.12031478,-0.11329115,-0.45018688,0.14278312,0.053497333,-1.852536,-0.015990514,0.055083815,-0.23890726,0.011022947,-0.096954264,0.1256451,0.2947635,0.0012078712,0.08581731,-0.24552968,-0.066530116,0.072300225,0.030078815,0.08825719,0.13215518,0.12917915,0.06773563,-0.07604817,-1.5802315,-0.012937951,-0.08247287,0.8637107,-0.024589181,-0.003257669,0.10977067,0.0010635676,0.05097089,0.40187874,0.09928958,0.055960387,-0.028923696,0.67158,0.075454466,0.047697034,0.49842912,-0.015684845,-0.032662377,-0.08187324,0.083829135,-0.544268,0.020399816,-0.07104165,0.018567836,1.5293335,0.06750259,0.019047229,-0.1399171,0.13790913,0.01038573,0.08475755,0.049742132,0.036461618,0.043953672,-0.018217528,-0.018443191,-0.008939329,0.0018897667,0.1398943,0.060485493,-0.028967561,0.11694079,-0.07752068,0.039626196,-0.084786765]'::vector))",
            "revision.rev_id"
          ],
          "Presorted Key": [
            "((text.embedding384 <=> '[-0.16105026,-0.011110252,0.1947436,0.14129455,0.2676087,0.039145265,0.05193451,0.0029656575,0.060585793,0.020587623,-0.076201685,0.0017512157,-0.031059692,0.033284966,0.04912715,0.100310415,-0.0006369666,0.16175403,-0.9095277,-0.04850187,0.42652246,-0.03379426,-0.11375756,-0.083311446,-0.078006394,0.01640114,0.017867824,0.0029476485,-0.9301433,-0.8317728,0.05054181,0.10063591,-0.11440923,0.006849636,0.059330698,-0.0007061632,0.009704715,-0.12621386,0.021004004,0.049915906,-0.07231668,-0.06852951,-0.01222711,-0.010848192,-0.04331233,0.121337324,0.054895803,0.02028087,-0.15242462,-0.06752902,0.014475339,0.06611118,-0.0719716,0.062184524,-0.06828767,-0.24181245,-0.06847989,-0.2739876,-0.0040436937,-0.057063892,0.10189158,0.01831203,-0.9245225,1.0495437,0.07090707,-0.08689094,0.018457685,0.1710564,0.16296518,0.3354593,-0.062340282,0.11821921,-0.08970365,-0.1346309,0.032980323,-0.011972044,0.02560706,-0.017996356,-0.010668531,0.031073725,0.12480567,-0.098801516,-0.02603951,-0.12004053,-0.0025171281,-0.04889068,0.0049120374,-0.006863673,0.041724224,0.039505325,-0.086260945,-0.22317417,0.21128197,-0.003554733,0.3090521,0.17277156,0.06103918,-0.041557357,0.057673655,-0.68608147,0.025259737,-0.016479766,-0.0982467,0.06767811,-0.049152102,-0.04651481,-0.048623286,-0.019410327,0.002680862,0.1103613,0.08692502,0.015454322,-0.16927484,-0.120773,0.06430499,-0.09492118,0.12451404,0.08492595,-0.100824356,0.1746292,-0.13615252,-0.13774191,0.092838965,0.0542625,0.03814012,0.036631383,-0.04886918,0.62266254,0.13000426,-0.30588675,0.123898566,-0.1477941,-0.23342304,0.09063517,-0.056871407,-0.04120115,0.0021792233,0.1740882,0.04291343,0.16966702,0.13484505,0.077584095,-0.18836823,-0.45211434,0.0347756,0.36202794,0.06650682,0.051552385,0.0013721137,0.00031045647,0.10654403,0.054672204,0.14160946,-0.08987166,0.0748189,0.040401865,-0.27052695,1.0208781,0.028839717,-0.045075085,-0.10946584,-0.067821085,0.044646163,1.1681162,-0.096530885,-0.54437524,-0.065288916,0.18228516,0.012771312,-0.02148411,0.048255287,-0.026169129,0.14241345,-0.13665085,0.1898909,0.0012267838,-0.55506533,-0.048107475,-0.022171058,0.07446148,0.20225373,-0.12653244,0.14356437,-0.060236458,0.08624691,-0.012052607,-0.07766598,0.013437393,-0.2074709,0.07344315,-0.2832104,0.19866054,0.20653495,0.04518813,0.009827184,-0.02729709,0.0033667646,0.059438728,0.040473957,0.09638888,0.010563243,-0.045865238,-0.005542443,-0.06735154,-0.13783216,-0.16179094,0.29539922,0.08243168,-0.064889885,-0.1095727,0.034850337,-0.03865223,0.034110144,0.04545148,-0.10059105,-0.014058535,-0.053400047,0.1864193,0.2076958,-0.030878393,0.032200698,-0.31709084,-0.08648308,-1.6955341,-0.1958955,0.0683915,-0.080929525,0.25091147,-0.08950712,0.111964114,-0.19079916,-0.06625767,0.29743034,0.54745334,-0.01487513,0.089354016,0.3171733,-0.005388643,-0.18805224,-0.09676861,0.122976474,-0.014225331,-0.04426676,-0.029148366,0.06663839,-0.33948532,-0.009126116,-0.13428935,0.025182545,1.2459327,-0.33265036,-0.17234929,0.1260893,0.029600225,0.06478646,0.05424913,-0.44672388,-0.024205245,0.066707805,0.033233456,0.18494143,-0.14496599,-0.117242254,-0.05440264,0.034527864,0.03524988,0.2417769,-0.046738215,0.017132444,0.042689137,-0.09231966,-0.012533757,-0.11046484,-0.048352752,0.20437892,-0.016757036,-0.0441901,0.09401426,0.037218977,-0.101901926,-0.05301471,0.098943785,0.10449608,0.025575241,0.169633,-0.013977698,0.1326308,0.091271505,-0.19112651,-0.04420216,0.020910926,0.09477987,0.20196603,-0.008781368,0.57309896,0.02951836,0.17838581,0.22676226,-0.07566428,-0.13287619,-0.22325493,-0.07048815,0.028480658,-0.0026588559,-0.29212078,-0.027390838,0.13997604,-0.047444694,-0.05231478,-0.03989628,-0.06168067,-0.41365778,-0.028954068,-0.085107006,-0.12031478,-0.11329115,-0.45018688,0.14278312,0.053497333,-1.852536,-0.015990514,0.055083815,-0.23890726,0.011022947,-0.096954264,0.1256451,0.2947635,0.0012078712,0.08581731,-0.24552968,-0.066530116,0.072300225,0.030078815,0.08825719,0.13215518,0.12917915,0.06773563,-0.07604817,-1.5802315,-0.012937951,-0.08247287,0.8637107,-0.024589181,-0.003257669,0.10977067,0.0010635676,0.05097089,0.40187874,0.09928958,0.055960387,-0.028923696,0.67158,0.075454466,0.047697034,0.49842912,-0.015684845,-0.032662377,-0.08187324,0.083829135,-0.544268,0.020399816,-0.07104165,0.018567836,1.5293335,0.06750259,0.019047229,-0.1399171,0.13790913,0.01038573,0.08475755,0.049742132,0.036461618,0.043953672,-0.018217528,-0.018443191,-0.008939329,0.0018897667,0.1398943,0.060485493,-0.028967561,0.11694079,-0.07752068,0.039626196,-0.084786765]'::vector))"
          ],
          "Plans": [
            {
              "Node Type": "Nested Loop",
              "Parent Relationship": "Outer",
              "Parallel Aware": false,
              "Async Capable": false,
              "Join Type": "Inner",
              "Startup Cost": 8033.04,
              "Total Cost": 107282323.08,
              "Plan Rows": 1368444,
              "Plan Width": 16,
              "Inner Unique": true,
              "Plans": [
                {
                  "Node Type": "Index Scan",
                  "Parent Relationship": "Outer",
                  "Parallel Aware": false,
                  "Async Capable": false,
                  "Scan Direction": "Forward",
                  "Index Name": "ivfflat_text_cos",
                  "Relation Name": "text",
                  "Alias": "text",
                  "Startup Cost": 8032.6,
                  "Total Cost": 40416422.04,
                  "Plan Rows": 10000031,
                  "Plan Width": 22,
                  "Order By": "(embedding384 <=> '[-0.16105026,-0.011110252,0.1947436,0.14129455,0.2676087,0.039145265,0.05193451,0.0029656575,0.060585793,0.020587623,-0.076201685,0.0017512157,-0.031059692,0.033284966,0.04912715,0.100310415,-0.0006369666,0.16175403,-0.9095277,-0.04850187,0.42652246,-0.03379426,-0.11375756,-0.083311446,-0.078006394,0.01640114,0.017867824,0.0029476485,-0.9301433,-0.8317728,0.05054181,0.10063591,-0.11440923,0.006849636,0.059330698,-0.0007061632,0.009704715,-0.12621386,0.021004004,0.049915906,-0.07231668,-0.06852951,-0.01222711,-0.010848192,-0.04331233,0.121337324,0.054895803,0.02028087,-0.15242462,-0.06752902,0.014475339,0.06611118,-0.0719716,0.062184524,-0.06828767,-0.24181245,-0.06847989,-0.2739876,-0.0040436937,-0.057063892,0.10189158,0.01831203,-0.9245225,1.0495437,0.07090707,-0.08689094,0.018457685,0.1710564,0.16296518,0.3354593,-0.062340282,0.11821921,-0.08970365,-0.1346309,0.032980323,-0.011972044,0.02560706,-0.017996356,-0.010668531,0.031073725,0.12480567,-0.098801516,-0.02603951,-0.12004053,-0.0025171281,-0.04889068,0.0049120374,-0.006863673,0.041724224,0.039505325,-0.086260945,-0.22317417,0.21128197,-0.003554733,0.3090521,0.17277156,0.06103918,-0.041557357,0.057673655,-0.68608147,0.025259737,-0.016479766,-0.0982467,0.06767811,-0.049152102,-0.04651481,-0.048623286,-0.019410327,0.002680862,0.1103613,0.08692502,0.015454322,-0.16927484,-0.120773,0.06430499,-0.09492118,0.12451404,0.08492595,-0.100824356,0.1746292,-0.13615252,-0.13774191,0.092838965,0.0542625,0.03814012,0.036631383,-0.04886918,0.62266254,0.13000426,-0.30588675,0.123898566,-0.1477941,-0.23342304,0.09063517,-0.056871407,-0.04120115,0.0021792233,0.1740882,0.04291343,0.16966702,0.13484505,0.077584095,-0.18836823,-0.45211434,0.0347756,0.36202794,0.06650682,0.051552385,0.0013721137,0.00031045647,0.10654403,0.054672204,0.14160946,-0.08987166,0.0748189,0.040401865,-0.27052695,1.0208781,0.028839717,-0.045075085,-0.10946584,-0.067821085,0.044646163,1.1681162,-0.096530885,-0.54437524,-0.065288916,0.18228516,0.012771312,-0.02148411,0.048255287,-0.026169129,0.14241345,-0.13665085,0.1898909,0.0012267838,-0.55506533,-0.048107475,-0.022171058,0.07446148,0.20225373,-0.12653244,0.14356437,-0.060236458,0.08624691,-0.012052607,-0.07766598,0.013437393,-0.2074709,0.07344315,-0.2832104,0.19866054,0.20653495,0.04518813,0.009827184,-0.02729709,0.0033667646,0.059438728,0.040473957,0.09638888,0.010563243,-0.045865238,-0.005542443,-0.06735154,-0.13783216,-0.16179094,0.29539922,0.08243168,-0.064889885,-0.1095727,0.034850337,-0.03865223,0.034110144,0.04545148,-0.10059105,-0.014058535,-0.053400047,0.1864193,0.2076958,-0.030878393,0.032200698,-0.31709084,-0.08648308,-1.6955341,-0.1958955,0.0683915,-0.080929525,0.25091147,-0.08950712,0.111964114,-0.19079916,-0.06625767,0.29743034,0.54745334,-0.01487513,0.089354016,0.3171733,-0.005388643,-0.18805224,-0.09676861,0.122976474,-0.014225331,-0.04426676,-0.029148366,0.06663839,-0.33948532,-0.009126116,-0.13428935,0.025182545,1.2459327,-0.33265036,-0.17234929,0.1260893,0.029600225,0.06478646,0.05424913,-0.44672388,-0.024205245,0.066707805,0.033233456,0.18494143,-0.14496599,-0.117242254,-0.05440264,0.034527864,0.03524988,0.2417769,-0.046738215,0.017132444,0.042689137,-0.09231966,-0.012533757,-0.11046484,-0.048352752,0.20437892,-0.016757036,-0.0441901,0.09401426,0.037218977,-0.101901926,-0.05301471,0.098943785,0.10449608,0.025575241,0.169633,-0.013977698,0.1326308,0.091271505,-0.19112651,-0.04420216,0.020910926,0.09477987,0.20196603,-0.008781368,0.57309896,0.02951836,0.17838581,0.22676226,-0.07566428,-0.13287619,-0.22325493,-0.07048815,0.028480658,-0.0026588559,-0.29212078,-0.027390838,0.13997604,-0.047444694,-0.05231478,-0.03989628,-0.06168067,-0.41365778,-0.028954068,-0.085107006,-0.12031478,-0.11329115,-0.45018688,0.14278312,0.053497333,-1.852536,-0.015990514,0.055083815,-0.23890726,0.011022947,-0.096954264,0.1256451,0.2947635,0.0012078712,0.08581731,-0.24552968,-0.066530116,0.072300225,0.030078815,0.08825719,0.13215518,0.12917915,0.06773563,-0.07604817,-1.5802315,-0.012937951,-0.08247287,0.8637107,-0.024589181,-0.003257669,0.10977067,0.0010635676,0.05097089,0.40187874,0.09928958,0.055960387,-0.028923696,0.67158,0.075454466,0.047697034,0.49842912,-0.015684845,-0.032662377,-0.08187324,0.083829135,-0.544268,0.020399816,-0.07104165,0.018567836,1.5293335,0.06750259,0.019047229,-0.1399171,0.13790913,0.01038573,0.08475755,0.049742132,0.036461618,0.043953672,-0.018217528,-0.018443191,-0.008939329,0.0018897667,0.1398943,0.060485493,-0.028967561,0.11694079,-0.07752068,0.039626196,-0.084786765]'::vector)"
                },
                {
                  "Node Type": "Index Scan",
                  "Parent Relationship": "Inner",
                  "Parallel Aware": false,
                  "Async Capable": false,
                  "Scan Direction": "Forward",
                  "Index Name": "revision_pkey",
                  "Relation Name": "revision",
                  "Alias": "revision",
                  "Startup Cost": 0.43,
                  "Total Cost": 6.69,
                  "Plan Rows": 1,
                  "Plan Width": 4,
                  "Index Cond": "(rev_id = text.old_id)",
                  "Filter": "((rev_timestamp >= '2010-10-07 00:00:00+00'::timestamp with time zone) AND (rev_timestamp <= '2013-12-29 00:00:00+00'::timestamp with time zone))"
                }
              ]
            }
          ]
        }
      ]
    }
  }
]