[
  {
    "Plan": {
      "Node Type": "Limit",
      "Parallel Aware": false,
      "Async Capable": false,
      "Startup Cost": 5245550.33,
      "Total Cost": 5245550.58,
      "Plan Rows": 100,
      "Plan Width": 193,
      "Plans": [
        {
          "Node Type": "Sort",
          "Parent Relationship": "Outer",
          "Parallel Aware": false,
          "Async Capable": false,
          "Startup Cost": 5245550.33,
          "Total Cost": 5258050.37,
          "Plan Rows": 5000016,
          "Plan Width": 193,
          "Sort Key": [
            "((text.embedding384 <-> '[-0.056282125,0.057811342,0.20403604,0.10900915,0.25864708,0.09625016,0.1691001,-0.053247463,-0.02907894,0.025592286,-0.024063593,-0.05841145,-0.03474776,-0.027355943,0.08161666,0.055801116,0.11988762,0.17250425,-0.6020279,-0.03158826,0.18589967,-0.20386451,-0.19656022,-0.1380416,-0.085945785,0.07050987,0.07169632,-0.00683355,-0.62405425,-0.87004215,0.036983803,-0.04111828,-0.12819307,0.03471783,-0.03338418,-0.031518996,0.0027961307,-0.15422979,-0.0077173808,0.025026536,-0.1386816,-0.050999165,-0.09234766,0.052969128,-0.009627587,0.054021318,0.09583051,0.057573028,-0.12959823,-0.08487234,0.08188357,0.018120002,-0.08406482,0.11455858,-0.056513775,-0.09858672,0.006900278,-0.108148694,-0.02458247,-0.0112795485,0.21484447,-0.012022695,-1.0425433,1.132021,0.019223385,-0.018346557,-0.008023462,0.34282547,0.13948922,0.2016534,-0.10037658,0.06302776,-0.115148656,-0.084616974,0.1075498,-0.031112099,0.0025563766,-0.114313535,0.04701144,0.051670615,0.06726818,0.05056194,-0.077949286,-0.1117766,-0.0069665615,-0.10133224,-0.12227671,0.009665245,-0.12945174,0.06700162,-0.10382782,-0.0678108,0.07697678,-0.045607414,0.03803613,0.24513844,0.017609643,-0.16239859,-0.17128137,-0.61321706,0.06304778,-0.0075315223,0.03212546,0.046887863,-0.07220038,-0.006589962,-0.1352638,-0.15749069,-0.07957286,0.09624949,-0.02845911,-0.023862805,-0.0499744,-0.107740626,0.07938171,-0.12515593,-0.009215053,0.109622054,0.0010153808,0.10021933,-0.106929876,-0.103137456,0.115538836,0.04265325,0.022553513,-0.10670677,-0.008813424,0.58591366,-0.050843515,-0.1890977,0.18554579,-0.18648487,-0.17758448,0.037629697,-0.015108785,-0.007853838,0.07995671,-0.035241056,-0.014057706,0.36999574,0.119171076,0.24579148,-0.08367803,-0.4708894,0.07603375,0.5059948,0.13554446,-0.006910995,-0.027291065,0.07970009,0.08022844,-0.01908364,0.119738616,-0.15895922,0.03110971,0.05399609,-0.14510615,1.2619796,-0.08503926,-0.019289179,-0.020544795,-0.058087874,-0.014029016,1.3841803,-0.13977951,-0.6689012,-0.028147576,0.09123452,-0.030433599,-0.04900405,-0.001672506,0.023632366,0.106284544,-0.09145294,0.22155015,0.06959029,-0.5371829,-0.022985876,-0.08461454,0.020547736,0.20869239,-0.079590455,0.14210077,-0.06148191,0.15220554,0.025093442,-0.11266103,-0.0020377447,-0.17832115,0.2542831,-0.2290906,0.09446596,0.3127769,-0.031501804,0.00926486,-0.1356413,0.11574416,-0.020637225,0.11094809,0.0995836,0.034607228,0.1213314,-0.029055687,-0.08827123,-0.23446704,-0.071361534,0.19879988,0.06270407,-0.038122334,-0.07854799,-0.032822177,0.011708355,0.19349779,0.01892956,-0.035679076,-0.103628315,0.05343887,0.21108755,0.14659104,0.040566385,-0.056018,-0.18518806,-0.07925296,-1.9454119,-0.1583765,-0.0049627544,-0.012562348,0.37157243,-0.12566714,0.07491839,-0.11660714,-0.30518714,0.19230929,0.81115943,-0.3034499,0.02818643,0.40656334,0.03771764,-0.21745387,-0.1953416,0.11051185,-0.046743363,0.02961168,-0.027490623,0.07248889,-0.4719483,0.051683966,-0.16529793,0.02896142,1.3327731,-0.5096407,-0.09800166,0.13837104,0.1040644,-0.08394626,-0.11144077,-0.14294189,-0.006741694,0.070378326,-0.06165217,0.19241068,-0.12561168,-0.10371689,-0.049066883,0.051634125,-0.038286697,0.22299422,0.08341879,-0.0011447327,0.01421075,-0.10820435,-0.08704068,-0.15773092,-0.07243467,0.2790751,0.038809896,-0.019036692,-0.07441981,-0.013444436,0.013005989,0.022345072,0.16176625,0.17016307,0.06119191,0.12723184,-0.06535158,0.11709712,0.14730167,-0.1556097,-0.14551422,0.055965256,0.091138676,0.088169456,-0.054820564,0.5949106,0.097509906,0.11769573,0.40964237,-0.13397245,-0.11925291,-0.1278719,0.010844091,-0.019810667,0.037642967,-0.17586626,-0.03404953,0.14340888,0.012416533,-0.14471914,-0.091383696,-0.16686034,-0.40461895,-0.0029548272,-0.09796548,-0.11460445,-0.02104216,-0.3108186,0.13275462,0.060014322,-2.142314,-0.04360301,0.055164658,-0.09909495,-0.05327335,-0.14180142,0.10612038,0.366554,0.05116341,0.051161762,-0.08373114,-0.02197237,0.07533403,-0.03126286,0.13766278,0.22639926,0.121391214,-0.0010562608,0.017560372,-1.7526107,0.023434501,0.05486741,0.99017906,-0.14460228,0.19907989,0.08826515,-0.04707706,-0.010605665,0.27173653,0.12656699,0.111175634,-0.1220985,0.59275,0.07356984,0.049454655,0.4355046,0.0107809445,0.051684707,-0.055740096,0.0025137246,-0.5390108,0.04825681,-0.21589887,-0.022347465,1.3701032,0.16089486,-0.064963065,-0.107467525,0.056042083,-0.009388644,0.048808254,0.05609491,-0.0040814974,0.02900338,0.028007753,-0.07786365,0.01038629,-0.0032886122,0.13325548,0.050991494,-0.031608608,0.050642833,0.12602432,0.08584488,-0.13317074]'::vector))"
          ],
          "Plans": [
            {
              "Node Type": "Seq Scan",
              "Parent Relationship": "Outer",
              "Parallel Aware": false,
              "Async Capable": false,
              "Relation Name": "text",
              "Alias": "text",
              "Startup Cost": 2712073.88,
              "Total Cost": 5054453.31,
              "Plan Rows": 5000016,
              "Plan Width": 193,
              "Filter": "(NOT (ANY (old_id = (hashed SubPlan 1).col1)))",
              "Plans": [
                {
                  "Node Type": "Limit",
                  "Parent Relationship": "SubPlan",
                  "Subplan Name": "SubPlan 1",
                  "Parallel Aware": false,
                  "Async Capable": false,
                  "Startup Cost": 2712073.38,
                  "Total Cost": 2712073.63,
                  "Plan Rows": 100,
                  "Plan Width": 12,
                  "Plans": [
                    {
                      "Node Type": "Sort",
                      "Parent Relationship": "Outer",
                      "Parallel Aware": false,
                      "Async Capable": false,
                      "Startup Cost": 2712073.38,
                      "Total Cost": 2737073.46,
                      "Plan Rows": 10000031,
                      "Plan Width": 12,
                      "Sort Key": [
                        "((text_1.embedding384 <-> '[-0.09221744,0.13183624,0.19359879,0.117942825,0.29690465,0.05119427,0.2811955,0.11200488,0.035679687,0.026302427,-0.055150405,-0.036525797,-0.067763366,0.039858367,0.07431094,0.13346606,0.07431076,0.22998106,-0.70421404,-0.023969036,0.42679638,0.03753206,-0.120105535,-0.08196064,-0.030481124,0.024994092,0.04311787,-0.03482296,-0.6387985,-0.8293545,0.08400297,0.051594622,-0.12384445,-0.028177291,0.017209508,-0.15724185,-0.06659254,-0.11942337,-0.028345542,0.028075216,-0.11674785,-0.11427375,-0.11118957,0.04758776,-0.082663625,0.07351343,0.11991629,0.05577207,-0.04909213,-0.13160294,0.11442749,-0.028173724,-0.064285256,0.12162003,-0.045557506,-0.24666582,-0.023296675,-0.23938401,0.008563539,0.001110082,0.12938745,-0.021430293,-0.96210533,0.9239921,0.18659927,-0.035095423,0.028299373,0.23156576,0.1510657,0.3949725,-0.06577005,0.04817171,-0.07581389,-0.09861693,0.07900814,0.033992145,-0.010655401,-0.21715724,0.06112595,0.10167636,0.10405821,-0.0652325,-0.079346694,-0.06952271,0.03131405,-0.035673715,-0.08142312,0.014480311,-0.11708547,0.037134737,-0.08402883,-0.20370576,0.09470822,-0.036978725,0.0797481,0.16946082,0.06367031,-0.110471375,-0.15252337,-0.60335505,0.024223158,-0.014661244,-0.11849892,0.043905545,-0.11108055,-0.026714392,-0.085232675,-0.08993785,-0.012875576,0.1690341,0.046246633,-0.04508501,0.057959717,-0.10974453,0.12587859,-0.19917993,0.122113906,0.09432698,-0.12982728,-0.004878534,-0.14665464,-0.13661155,0.09244777,0.011659793,-0.028894464,-0.063076034,-0.1324711,0.64216644,0.067670174,-0.1638102,0.09115547,-0.13356759,-0.21348777,0.066880696,-0.061059583,-0.06399561,0.102212496,0.11212001,-0.021514665,0.22641604,0.08244255,0.08419698,-0.15794763,-0.41819713,-0.06815128,0.53826123,0.03238367,0.008849483,-0.07480144,0.07312098,0.06396587,0.007928929,0.10460457,-0.14561316,0.05645014,0.0011316563,-0.18020229,1.18862,0.049971707,-0.021465538,-0.1432719,-0.11026976,0.036706135,1.3356866,-0.11411258,-0.5901338,-0.09656165,0.057146274,-0.05944405,0.0022147743,0.016675444,0.0061267256,0.14310165,-0.19404852,0.18289356,0.093264334,-0.56826705,0.081428364,-0.052882917,-0.027292531,0.23392765,-0.0944548,0.092767164,-0.07068387,0.11667312,0.028828166,-0.06469641,0.025148923,-0.13480148,0.2937705,-0.27036533,0.13235901,0.1743858,0.02548121,-0.031184027,-0.03557801,0.08324088,-0.053045426,0.11785235,0.08662849,0.06239643,0.077434696,-0.057060566,-0.010426435,-0.19032814,-0.067194626,0.2357888,0.016877132,-0.05170457,-0.15643325,-0.077962644,-0.016866127,0.006633414,0.016153496,-0.117008425,-0.10158557,-0.053491067,0.15870355,0.32329375,-0.039838746,-0.027000839,-0.28024486,-0.14252909,-1.8827686,-0.17098717,0.061201487,-0.048127975,0.34305236,-0.037841156,0.13656443,-0.18621829,-0.16200362,0.060472667,0.7141119,-0.03868071,0.056025688,0.3143033,0.045386534,-0.07435713,-0.14128146,0.079945564,-0.008028833,-0.0190511,0.007893713,0.03567517,-0.4388419,0.09252583,-0.1776583,-0.007780402,1.3071809,-0.43819433,-0.12158316,0.27412748,0.081518985,0.04514984,0.008619767,-0.23512328,-0.01194481,0.06454153,-0.080589235,0.22836037,-0.19981343,-0.18100771,-0.21080217,0.07660337,0.06501914,0.4056983,0.11253686,0.043403096,0.00619322,-0.1582362,-0.117363706,-0.100401424,-0.13195667,0.24179,0.078119814,-0.09124845,0.1426394,0.058727045,-0.013665949,0.05034769,0.069154665,0.09860355,0.030743688,0.208838,0.02627741,0.028648771,0.051629882,-0.15821058,-0.067896485,0.038450964,0.13425326,0.2213364,-0.046431664,0.62350076,0.082724266,0.15611301,0.3226336,-0.16281609,-0.2300268,-0.21639603,-0.057509586,-0.07071579,0.09415632,-0.2945112,0.008642853,0.11214499,0.049115654,-0.08796972,-0.062095065,-0.15738806,-0.40114594,-0.08962711,-0.17875533,-0.14310071,0.00072307105,-0.36606166,0.27404842,0.08310467,-2.01744,-0.0039334255,-0.047145836,-0.060647238,-0.108764686,-0.10334025,0.17974879,0.2718724,0.06790008,0.05133971,-0.121075384,-0.048959624,0.06894056,-0.008661918,0.06384859,0.20351572,0.16166212,0.073926926,0.00694459,-1.6611673,-0.048698824,-0.08307921,0.9232454,-0.052520044,0.07755289,0.05947012,0.029619921,-0.0022683602,0.29375732,0.11328366,0.14104764,-0.082748294,0.77276045,0.0027627426,0.06347962,0.2968163,0.02201185,0.025186835,-0.13512617,0.023936365,-0.46840864,-0.024343072,-0.31609103,0.05405977,1.5131137,0.06843438,-0.07384262,-0.016264446,0.18199685,-0.030786365,0.015036276,0.037734795,0.08292417,0.11297417,-0.011275517,-0.2088987,0.021722471,-0.014084081,0.097771525,0.091639884,-0.10753896,0.07353342,0.020170344,0.13756417,-0.09542567]'::vector))"
                      ],
                      "Plans": [
                        {
                          "Node Type": "Seq Scan",
                          "Parent Relationship": "Outer",
                          "Parallel Aware": false,
                          "Async Capable": false,
                          "Relation Name": "text",
                          "Alias": "text_1",
                          "Startup Cost": 0.0,
                          "Total Cost": 2329879.39,
                          "Plan Rows": 10000031,
                          "Plan Width": 12
                        }
                      ]
                    }
                  ]
                }
              ]
            }
          ]
        }
      ]
    }
  }
]