[
  {
    "Plan": {
      "Node Type": "Nested Loop",
      "Parallel Aware": false,
      "Async Capable": false,
      "Join Type": "Inner",
      "Startup Cost": 2662034.11,
      "Total Cost": 106233906.22,
      "Plan Rows": 64819,
      "Plan Width": 53,
      "Inner Unique": false,
      "Plans": [
        {
          "Node Type": "Aggregate",
          "Strategy": "Hashed",
          "Partial Mode": "Simple",
          "Parent Relationship": "Outer",
          "Parallel Aware": false,
          "Async Capable": false,
          "Startup Cost": 2660436.26,
          "Total Cost": 2661246.49,
          "Plan Rows": 64819,
          "Plan Width": 61,
          "Group Key": [
            "cl.cl_to"
          ],
          "Planned Partitions": 0,
          "Plans": [
            {
              "Node Type": "Nested Loop",
              "Parent Relationship": "Outer",
              "Parallel Aware": false,
              "Async Capable": false,
              "Join Type": "Inner",
              "Startup Cost": 1.01,
              "Total Cost": 2599695.02,
              "Plan Rows": 12148247,
              "Plan Width": 1573,
              "Inner Unique": true,
              "Plans": [
                {
                  "Node Type": "Index Only Scan",
                  "Parent Relationship": "Outer",
                  "Parallel Aware": false,
                  "Async Capable": false,
                  "Scan Direction": "Forward",
                  "Index Name": "categorylinks_pkey",
                  "Relation Name": "categorylinks",
                  "Alias": "cl",
                  "Startup Cost": 0.56,
                  "Total Cost": 512596.26,
                  "Plan Rows": 12148247,
                  "Plan Width": 33
                },
                {
                  "Node Type": "Memoize",
                  "Parent Relationship": "Inner",
                  "Parallel Aware": false,
                  "Async Capable": false,
                  "Startup Cost": 0.45,
                  "Total Cost": 6.94,
                  "Plan Rows": 1,
                  "Plan Width": 1548,
                  "Cache Key": "cl.cl_from",
                  "Cache Mode": "logical",
                  "Plans": [
                    {
                      "Node Type": "Index Scan",
                      "Parent Relationship": "Outer",
                      "Parallel Aware": false,
                      "Async Capable": false,
                      "Scan Direction": "Forward",
                      "Index Name": "page_pkey",
                      "Relation Name": "page",
                      "Alias": "p",
                      "Startup Cost": 0.43,
                      "Total Cost": 6.93,
                      "Plan Rows": 1,
                      "Plan Width": 1548,
                      "Index Cond": "(page_id = cl.cl_from)"
                    }
                  ]
                }
              ]
            }
          ]
        },
        {
          "Node Type": "Limit",
          "Parent Relationship": "Inner",
          "Parallel Aware": false,
          "Async Capable": false,
          "Startup Cost": 1597.85,
          "Total Cost": 1597.86,
          "Plan Rows": 1,
          "Plan Width": 32,
          "Plans": [
            {
              "Node Type": "Sort",
              "Parent Relationship": "Outer",
              "Parallel Aware": false,
              "Async Capable": false,
              "Startup Cost": 1597.85,
              "Total Cost": 1598.32,
              "Plan Rows": 187,
              "Plan Width": 32,
              "Sort Key": [
                "((p_1.embedding <-> (avg(p.embedding))))",
                "p_1.page_id"
              ],
              "Plans": [
                {
                  "Node Type": "Nested Loop",
                  "Parent Relationship": "Outer",
                  "Parallel Aware": false,
                  "Async Capable": false,
                  "Join Type": "Inner",
                  "Startup Cost": 1.0,
                  "Total Cost": 1596.92,
                  "Plan Rows": 187,
                  "Plan Width": 32,
                  "Inner Unique": true,
                  "Plans": [
                    {
                      "Node Type": "Index Only Scan",
                      "Parent Relationship": "Outer",
                      "Parallel Aware": false,
                      "Async Capable": false,
                      "Scan Direction": "Forward",
                      "Index Name": "cl_sortkey",
                      "Relation Name": "categorylinks",
                      "Alias": "cl_1",
                      "Startup Cost": 0.56,
                      "Total Cost": 15.83,
                      "Plan Rows": 187,
                      "Plan Width": 4,
                      "Index Cond": "(cl_to = cl.cl_to)"
                    },
                    {
                      "Node Type": "Index Scan",
                      "Parent Relationship": "Inner",
                      "Parallel Aware": false,
                      "Async Capable": false,
                      "Scan Direction": "Forward",
                      "Index Name": "page_pkey",
                      "Relation Name": "page",
                      "Alias": "p_1",
                      "Startup Cost": 0.43,
                      "Total Cost": 8.45,
                      "Plan Rows": 1,
                      "Plan Width": 1568,
                      "Index Cond": "(page_id = cl_1.cl_from)"
                    }
                  ]
                }
              ]
            }
          ]
        }
      ]
    }
  }
]