[
  {
    "Plan": {
      "Node Type": "Aggregate",
      "Strategy": "Sorted",
      "Partial Mode": "Simple",
      "Parallel Aware": false,
      "Async Capable": false,
      "Startup Cost": 2840454.39,
      "Total Cost": 2840454.59,
      "Plan Rows": 10,
      "Plan Width": 40,
      "Group Key": [
        "(EXTRACT(year FROM revision.rev_timestamp))"
      ],
      "Plans": [
        {
          "Node Type": "Sort",
          "Parent Relationship": "Outer",
          "Parallel Aware": false,
          "Async Capable": false,
          "Startup Cost": 2840454.39,
          "Total Cost": 2840454.42,
          "Plan Rows": 10,
          "Plan Width": 32,
          "Sort Key": [
            "(EXTRACT(year FROM revision.rev_timestamp))"
          ],
          "Plans": [
            {
              "Node Type": "Nested Loop",
              "Parent Relationship": "Outer",
              "Parallel Aware": false,
              "Async Capable": false,
              "Join Type": "Inner",
              "Startup Cost": 2840409.89,
              "Total Cost": 2840454.23,
              "Plan Rows": 10,
              "Plan Width": 32,
              "Inner Unique": false,
              "Plans": [
                {
                  "Node Type": "Limit",
                  "Parent Relationship": "Outer",
                  "Parallel Aware": false,
                  "Async Capable": false,
                  "Startup Cost": 2840409.45,
                  "Total Cost": 2840409.48,
                  "Plan Rows": 10,
                  "Plan Width": 12,
                  "Plans": [
                    {
                      "Node Type": "Sort",
                      "Parent Relationship": "Outer",
                      "Parallel Aware": false,
                      "Async Capable": false,
                      "Startup Cost": 2840409.45,
                      "Total Cost": 2865403.81,
                      "Plan Rows": 9997744,
                      "Plan Width": 12,
                      "Sort Key": [
                        "((page.embedding <-> '[-0.29841253,0.37028047,0.09224986,0.10958654,0.067193694,-0.24571452,0.15149324,0.06554424,-0.12504373,-0.00057873223,0.053050503,-0.27781227,0.04099582,0.20484716,0.19708449,0.06814889,-0.07218935,0.005856252,-0.07557723,-0.08000281,-0.16117334,-0.1005835,-0.059764616,-0.20168,0.13414657,0.017616719,-0.21465917,-0.144535,0.45480695,-1.779637,-0.11651618,-0.12773348,-0.036058966,-0.11517353,-0.16365558,-0.056682233,-0.07258313,0.035217967,-0.14153506,0.012535726,-0.10191661,-0.0015023442,-0.11449473,-0.13019714,0.0020954497,0.10563336,0.20280232,0.0029207664,-0.14663723,-0.06512509,-0.026269969,0.083761,0.037520118,-0.0041162567,0.30760002,-0.051745817,0.21755262,-0.08564523,0.03067876,0.0060255975,0.1812895,0.06815696,-1.5887927,0.033510678,0.33840343,-0.03406316,0.023814805,0.0011681719,-0.035815235,0.31914273,-0.060105596,0.11587078,0.03698754,0.18158717,0.18357497,0.14732449,0.06543761,0.048238687,0.08446508,0.084821336,-0.060915213,-0.07603371,-0.20098116,0.044351984,0.058655363,0.10819241,-0.17015089,-0.10500365,0.18270247,-0.0386684,-0.08603372,0.10961562,-0.02219417,-0.11766148,-0.65474355,0.06908295,0.051047977,-0.21783341,0.009821247,3.967729,0.054519203,-0.10327649,0.059800155,-0.0060006627,-0.10425582,-0.062428378,-0.09916632,0.03700894,0.009982016,-0.105615065,0.08810052,-0.052812062,0.03470636,-0.05058903,0.0213835,0.17585823,0.10484555,-0.021039277,-0.049822897,0.2244766,-0.02793075,-0.018254932,-0.093241565,0.22151484,-0.091324784,-1.2904313,0.1252973,-0.033312608,-0.006634388,0.058531143,0.09965935,-0.31091022,0.2231715,0.18789887,-0.03368236,0.033486873,-0.105678186,-0.10790777,0.17172013,-0.25013235,-0.082311146,0.03111671,-0.18476754,-0.27222425,-0.06589358,0.67732865,-0.0291745,-0.028061796,-0.0747905,0.20061506,0.0164691,0.20716432,0.04298056,0.09969916,0.11134046,-0.08917151,-0.010836424,0.83805984,-0.07723984,-0.019416567,-0.114031024,-0.24418914,-0.07839131,0.6023597,0.030443124,-0.3212355,-0.08136325,0.06531155,-0.00067712925,0.34156185,0.05634221,-0.08451865,0.12837905,0.009886565,0.3185264,0.13676469,-0.022030404,0.0626697,-0.02199072,0.027633786,0.011833537,-0.040723972,0.29968926,0.18249427,0.15058269,0.14689489,0.012179674,0.00985669,0.0027726498,0.22518021,-0.19560419,0.10223882,-0.045502745,0.1512729,-0.09047618,-0.17151839,0.08886827,0.0048108804,-0.28362125,-0.13485317,0.2503571,-0.10812608,0.22606897,-0.06908359,-0.22262076,-0.20400488,0.24455224,-0.03294689,-0.24047348,-0.18205652,0.033742253,-0.15152058,0.072032124,-0.019991066,0.028217677,-1.0681804e-05,-0.2702453,-0.053209566,-0.09301554,-0.019196372,0.2518856,-0.114910536,-0.27466127,-2.4461055,-0.43008646,-0.25360695,-0.050368775,0.366212,0.03060953,0.05810342,0.13015014,-0.006308361,-0.22031698,0.60108095,0.3024105,-0.04648301,-0.23039885,0.25839785,0.15163542,-0.2036702,0.12781936,0.03916105,-0.008250529,0.0072693657,-0.11461998,-0.10341132,-0.15653229,0.06528133,0.0043115634,1.7981794,0.019271377,0.18481125,0.34084365,0.11251152,-0.07051581,0.08537886,-0.19521701,-3.7430786e-05,-0.002932054,-0.05611004,0.2222488,0.0081147645,-0.015264668,-0.10295556,-0.031630926,0.08889725,0.18528582,0.027393702,-0.22628325,-0.067237094,-0.21239574,0.18800466,-0.24770738,-0.0029430091,-0.119363934,0.10215446,0.090278104,-0.06563991,-0.022599895,-0.22123255,-0.24193561,0.06862712,-0.21458378,-0.00488465,0.046074413,-0.06416598,0.058087543,-0.20829439,-0.258411,-0.009330154,-0.09707198,0.28326464,-0.14583075,-0.12769024,0.4448505,0.11289987,0.13056138,0.20515858,-0.011002539,-0.17876005,0.2487233,-0.07304542,-0.101183556,0.27731222,0.2694177,0.03301198,-0.0023160055,0.1390319,0.3551488,-0.09923991,0.17191994,-0.16130021,0.13328964,-0.06595372,-0.10230839,0.29006976,-0.18138853,0.28845558,0.050880954,-2.5982296,0.14283958,-0.07564448,-0.0035387613,-0.045414962,0.023129603,0.20008832,0.14971623,-0.0762984,0.026247576,-0.17151774,0.27659512,0.08054054,-0.14223482,-0.05932548,0.21686661,0.10557369,0.010834931,-0.21430069,-0.77194595,-0.1822188,-0.164991,1.1639738,-0.118731625,0.11320845,-0.13038851,0.08306195,-0.033912126,-0.23570567,0.05182465,0.05600233,-0.08458117,0.17416063,0.06230475,0.12215533,-0.17369209,-0.047623932,0.07302806,0.08339207,0.06294453,0.04898209,0.04340086,-0.002696068,0.08534148,0.353226,-0.13522306,-0.09623131,-0.11924152,-0.004474627,-0.014854508,0.09803402,-0.111351565,0.30286232,0.051900852,0.032676436,0.09914545,-0.13150921,0.0023972662,-0.08470448,-0.09594038,0.061003402,0.13254353,-0.17653568,-0.05467979,-0.37124324]'::vector))",
                        "page.page_id"
                      ],
                      "Plans": [
                        {
                          "Node Type": "Seq Scan",
                          "Parent Relationship": "Outer",
                          "Parallel Aware": false,
                          "Async Capable": false,
                          "Relation Name": "page",
                          "Alias": "page",
                          "Startup Cost": 0.0,
                          "Total Cost": 2624361.8,
                          "Plan Rows": 9997744,
                          "Plan Width": 12
                        }
                      ]
                    }
                  ]
                },
                {
                  "Node Type": "Index Only Scan",
                  "Parent Relationship": "Inner",
                  "Parallel Aware": false,
                  "Async Capable": false,
                  "Scan Direction": "Forward",
                  "Index Name": "rev_page_timestamp",
                  "Relation Name": "revision",
                  "Alias": "revision",
                  "Startup Cost": 0.43,
                  "Total Cost": 4.45,
                  "Plan Rows": 1,
                  "Plan Width": 12,
                  "Index Cond": "(rev_page = page.page_id)"
                }
              ]
            }
          ]
        }
      ]
    }
  }
]